0 info it worked if it ends with ok
1 verbose cli [ 'C:\\Program Files\\nodejs\\node.exe',
1 verbose cli   'C:\\Program Files\\nodejs\\node_modules\\npm\\bin\\npm-cli.js',
1 verbose cli   'publish' ]
2 info using npm@2.15.5
3 info using node@v4.4.6
4 verbose publish [ '.' ]
5 silly cache add args [ '.', null ]
6 verbose cache add spec .
7 silly cache add parsed spec Result {
7 silly cache add   raw: '.',
7 silly cache add   scope: null,
7 silly cache add   name: null,
7 silly cache add   rawSpec: '.',
7 silly cache add   spec: 'G:\\GitHub\\pcap2csv',
7 silly cache add   type: 'directory' }
8 verbose addLocalDirectory C:\Users\Chocobeel\AppData\Roaming\npm-cache\pcap2csv\1.0.0\package.tgz not in flight; packing
9 verbose correctMkdir C:\Users\Chocobeel\AppData\Roaming\npm-cache correctMkdir not in flight; initializing
10 verbose tar pack [ 'C:\\Users\\Chocobeel\\AppData\\Roaming\\npm-cache\\pcap2csv\\1.0.0\\package.tgz',
10 verbose tar pack   'G:\\GitHub\\pcap2csv' ]
11 verbose tarball C:\Users\Chocobeel\AppData\Roaming\npm-cache\pcap2csv\1.0.0\package.tgz
12 verbose folder G:\GitHub\pcap2csv
13 info prepublish pcap2csv@1.0.0
14 verbose addLocalTarball adding from inside cache C:\Users\Chocobeel\AppData\Roaming\npm-cache\pcap2csv\1.0.0\package.tgz
15 verbose correctMkdir C:\Users\Chocobeel\AppData\Roaming\npm-cache correctMkdir not in flight; initializing
16 silly cache afterAdd pcap2csv@1.0.0
17 verbose afterAdd C:\Users\Chocobeel\AppData\Roaming\npm-cache\pcap2csv\1.0.0\package\package.json not in flight; writing
18 verbose correctMkdir C:\Users\Chocobeel\AppData\Roaming\npm-cache correctMkdir not in flight; initializing
19 verbose afterAdd C:\Users\Chocobeel\AppData\Roaming\npm-cache\pcap2csv\1.0.0\package\package.json written
20 silly publish { name: 'pcap2csv',
20 silly publish   version: '1.0.0',
20 silly publish   description: 'At this time, the module converts the traffic in bits/s in both directions. A test code is provided in test.js',
20 silly publish   main: 'index.js',
20 silly publish   scripts: { test: 'echo "Error: no test specified" && exit 1' },
20 silly publish   repository:
20 silly publish    { type: 'git',
20 silly publish      url: 'git+https://github.com/syshapsough/pcap2csv.git' },
20 silly publish   author: { name: 'syshapsough', email: 'salsabeelshapsough@gmail.com' },
20 silly publish   license: 'MIT',
20 silly publish   dependencies: { fs: '0.0.1-security', json2csv: '^3.11.2', walk: '^2.3.9' },
20 silly publish   readme: '# pcap2csv\n\nAt this time, the module converts the traffic in bits/s in both directions.\nA test code is provided in test.js',
20 silly publish   readmeFilename: 'README.md',
20 silly publish   gitHead: 'a75af1755357d6b6008d5e54d33c26d03527a91f',
20 silly publish   bugs: { url: 'https://github.com/syshapsough/pcap2csv/issues' },
20 silly publish   homepage: 'https://github.com/syshapsough/pcap2csv#readme',
20 silly publish   _id: 'pcap2csv@1.0.0',
20 silly publish   _shasum: '71c027b195720c1898d5e20139339f4668338d73',
20 silly publish   _from: '.' }
21 verbose getPublishConfig undefined
22 silly mapToRegistry name pcap2csv
23 silly mapToRegistry using default registry
24 silly mapToRegistry registry https://registry.npmjs.org/
25 silly mapToRegistry data Result {
25 silly mapToRegistry   raw: 'pcap2csv',
25 silly mapToRegistry   scope: null,
25 silly mapToRegistry   name: 'pcap2csv',
25 silly mapToRegistry   rawSpec: '',
25 silly mapToRegistry   spec: 'latest',
25 silly mapToRegistry   type: 'tag' }
26 silly mapToRegistry uri https://registry.npmjs.org/pcap2csv
27 verbose publish registryBase https://registry.npmjs.org/
28 silly publish uploading C:\Users\Chocobeel\AppData\Roaming\npm-cache\pcap2csv\1.0.0\package.tgz
29 verbose request uri https://registry.npmjs.org/pcap2csv
30 verbose request sending authorization for write operation
31 info attempt registry request try #1 at 1:17:20 AM
32 verbose request using bearer token for auth
33 verbose request id 3ba68b00ed1bb091
34 http request PUT https://registry.npmjs.org/pcap2csv
35 http 403 https://registry.npmjs.org/pcap2csv
36 verbose headers { 'content-type': 'application/json',
36 verbose headers   'cache-control': 'max-age=300',
36 verbose headers   'content-length': '91',
36 verbose headers   'accept-ranges': 'bytes',
36 verbose headers   date: 'Tue, 19 Sep 2017 21:17:16 GMT',
36 verbose headers   via: '1.1 varnish',
36 verbose headers   connection: 'keep-alive',
36 verbose headers   'x-served-by': 'cache-fjr7922-FJR',
36 verbose headers   'x-cache': 'MISS',
36 verbose headers   'x-cache-hits': '0',
36 verbose headers   'x-timer': 'S1505855835.338609,VS0,VE1223',
36 verbose headers   vary: 'Accept-Encoding, Accept' }
37 verbose request invalidating C:\Users\Chocobeel\AppData\Roaming\npm-cache\registry.npmjs.org\pcap2csv on PUT
38 error publish Failed PUT 403
39 verbose stack Error: You cannot publish over the previously published version 1.0.0. : pcap2csv
39 verbose stack     at makeError (C:\Program Files\nodejs\node_modules\npm\node_modules\npm-registry-client\lib\request.js:264:12)
39 verbose stack     at CachingRegistryClient.<anonymous> (C:\Program Files\nodejs\node_modules\npm\node_modules\npm-registry-client\lib\request.js:252:14)
39 verbose stack     at Request._callback (C:\Program Files\nodejs\node_modules\npm\node_modules\npm-registry-client\lib\request.js:172:14)
39 verbose stack     at Request.self.callback (C:\Program Files\nodejs\node_modules\npm\node_modules\request\request.js:200:22)
39 verbose stack     at emitTwo (events.js:87:13)
39 verbose stack     at Request.emit (events.js:172:7)
39 verbose stack     at Request.<anonymous> (C:\Program Files\nodejs\node_modules\npm\node_modules\request\request.js:1067:10)
39 verbose stack     at emitOne (events.js:82:20)
39 verbose stack     at Request.emit (events.js:169:7)
39 verbose stack     at IncomingMessage.<anonymous> (C:\Program Files\nodejs\node_modules\npm\node_modules\request\request.js:988:12)
40 verbose statusCode 403
41 verbose pkgid pcap2csv
42 verbose cwd G:\GitHub\pcap2csv
43 error Windows_NT 6.3.9600
44 error argv "C:\\Program Files\\nodejs\\node.exe" "C:\\Program Files\\nodejs\\node_modules\\npm\\bin\\npm-cli.js" "publish"
45 error node v4.4.6
46 error npm  v2.15.5
47 error code E403
48 error You cannot publish over the previously published version 1.0.0. : pcap2csv
49 error If you need help, you may report this error at:
49 error     <https://github.com/npm/npm/issues>
50 verbose exit [ 1, true ]
